{"/workspaces/Metodo-TAJS/metodo-TAJS/modulo04-tdd-bdd/aula01-tdd/src/api.js": {"path":"/workspaces/Metodo-TAJS/metodo-TAJS/modulo04-tdd-bdd/aula01-tdd/src/api.js","all":false,"statementMap":{"0":{"start":{"line":1,"column":0},"end":{"line":1,"column":41}},"1":{"start":{"line":2,"column":0},"end":{"line":2,"column":33}},"2":{"start":{"line":3,"column":0},"end":{"line":3,"column":39}},"3":{"start":{"line":4,"column":0},"end":{"line":4,"column":0}},"4":{"start":{"line":5,"column":0},"end":{"line":5,"column":17}},"5":{"start":{"line":6,"column":0},"end":{"line":6,"column":0}},"6":{"start":{"line":7,"column":0},"end":{"line":7,"column":39}},"7":{"start":{"line":8,"column":0},"end":{"line":8,"column":29}},"8":{"start":{"line":9,"column":0},"end":{"line":9,"column":41}},"9":{"start":{"line":10,"column":0},"end":{"line":10,"column":62}},"10":{"start":{"line":11,"column":0},"end":{"line":11,"column":52}},"11":{"start":{"line":12,"column":0},"end":{"line":12,"column":46}},"12":{"start":{"line":13,"column":0},"end":{"line":13,"column":34}},"13":{"start":{"line":14,"column":0},"end":{"line":14,"column":68}},"14":{"start":{"line":15,"column":0},"end":{"line":15,"column":1}},"15":{"start":{"line":16,"column":0},"end":{"line":16,"column":0}},"16":{"start":{"line":17,"column":0},"end":{"line":17,"column":48}},"17":{"start":{"line":18,"column":0},"end":{"line":18,"column":8}},"18":{"start":{"line":19,"column":0},"end":{"line":19,"column":59}},"19":{"start":{"line":20,"column":0},"end":{"line":20,"column":60}},"20":{"start":{"line":21,"column":0},"end":{"line":21,"column":33}},"21":{"start":{"line":22,"column":0},"end":{"line":22,"column":24}},"22":{"start":{"line":23,"column":0},"end":{"line":23,"column":33}},"23":{"start":{"line":24,"column":0},"end":{"line":24,"column":56}},"24":{"start":{"line":25,"column":0},"end":{"line":25,"column":13}},"25":{"start":{"line":26,"column":0},"end":{"line":26,"column":12}},"26":{"start":{"line":27,"column":0},"end":{"line":27,"column":37}},"27":{"start":{"line":28,"column":0},"end":{"line":28,"column":31}},"28":{"start":{"line":29,"column":0},"end":{"line":29,"column":54}},"29":{"start":{"line":30,"column":0},"end":{"line":30,"column":57}},"30":{"start":{"line":31,"column":0},"end":{"line":31,"column":19}},"31":{"start":{"line":32,"column":0},"end":{"line":32,"column":9}},"32":{"start":{"line":33,"column":0},"end":{"line":33,"column":66}},"33":{"start":{"line":34,"column":0},"end":{"line":34,"column":45}},"34":{"start":{"line":35,"column":0},"end":{"line":35,"column":64}},"35":{"start":{"line":36,"column":0},"end":{"line":36,"column":31}},"36":{"start":{"line":37,"column":0},"end":{"line":37,"column":54}},"37":{"start":{"line":38,"column":0},"end":{"line":38,"column":42}},"38":{"start":{"line":39,"column":0},"end":{"line":39,"column":19}},"39":{"start":{"line":40,"column":0},"end":{"line":40,"column":9}},"40":{"start":{"line":41,"column":0},"end":{"line":41,"column":5}},"41":{"start":{"line":42,"column":0},"end":{"line":42,"column":16}},"42":{"start":{"line":43,"column":0},"end":{"line":43,"column":64}},"43":{"start":{"line":44,"column":0},"end":{"line":44,"column":31}},"44":{"start":{"line":45,"column":0},"end":{"line":45,"column":50}},"45":{"start":{"line":46,"column":0},"end":{"line":46,"column":15}},"46":{"start":{"line":47,"column":0},"end":{"line":47,"column":13}},"47":{"start":{"line":48,"column":0},"end":{"line":48,"column":19}},"48":{"start":{"line":49,"column":0},"end":{"line":49,"column":8}},"49":{"start":{"line":50,"column":0},"end":{"line":50,"column":27}},"50":{"start":{"line":51,"column":0},"end":{"line":51,"column":50}},"51":{"start":{"line":52,"column":0},"end":{"line":52,"column":32}},"52":{"start":{"line":53,"column":0},"end":{"line":53,"column":36}},"53":{"start":{"line":54,"column":0},"end":{"line":54,"column":15}},"54":{"start":{"line":55,"column":0},"end":{"line":55,"column":9}},"55":{"start":{"line":56,"column":0},"end":{"line":56,"column":3}},"56":{"start":{"line":57,"column":0},"end":{"line":57,"column":0}},"57":{"start":{"line":58,"column":0},"end":{"line":58,"column":16}}},"s":{"0":1,"1":1,"2":1,"3":1,"4":1,"5":1,"6":1,"7":2,"8":2,"9":2,"10":2,"11":2,"12":2,"13":1,"14":2,"15":1,"16":1,"17":3,"18":3,"19":2,"20":2,"21":2,"22":2,"23":2,"24":2,"25":2,"26":2,"27":2,"28":2,"29":2,"30":2,"31":2,"32":3,"33":1,"34":1,"35":1,"36":1,"37":1,"38":1,"39":1,"40":3,"41":3,"42":1,"43":1,"44":1,"45":1,"46":1,"47":1,"48":0,"49":0,"50":0,"51":0,"52":0,"53":0,"54":0,"55":1,"56":1,"57":1},"branchMap":{"0":{"type":"branch","line":7,"loc":{"start":{"line":7,"column":25},"end":{"line":15,"column":1}},"locations":[{"start":{"line":7,"column":25},"end":{"line":15,"column":1}}]},"1":{"type":"branch","line":11,"loc":{"start":{"line":11,"column":16},"end":{"line":11,"column":29}},"locations":[{"start":{"line":11,"column":16},"end":{"line":11,"column":29}}]},"2":{"type":"branch","line":11,"loc":{"start":{"line":11,"column":31},"end":{"line":12,"column":20}},"locations":[{"start":{"line":11,"column":31},"end":{"line":12,"column":20}}]},"3":{"type":"branch","line":12,"loc":{"start":{"line":12,"column":16},"end":{"line":12,"column":29}},"locations":[{"start":{"line":12,"column":16},"end":{"line":12,"column":29}}]},"4":{"type":"branch","line":12,"loc":{"start":{"line":12,"column":31},"end":{"line":12,"column":46}},"locations":[{"start":{"line":12,"column":31},"end":{"line":12,"column":46}}]},"5":{"type":"branch","line":12,"loc":{"start":{"line":12,"column":45},"end":{"line":13,"column":18}},"locations":[{"start":{"line":12,"column":45},"end":{"line":13,"column":18}}]},"6":{"type":"branch","line":13,"loc":{"start":{"line":13,"column":18},"end":{"line":13,"column":34}},"locations":[{"start":{"line":13,"column":18},"end":{"line":13,"column":34}}]},"7":{"type":"branch","line":13,"loc":{"start":{"line":13,"column":33},"end":{"line":14,"column":68}},"locations":[{"start":{"line":13,"column":33},"end":{"line":14,"column":68}}]},"8":{"type":"branch","line":17,"loc":{"start":{"line":17,"column":28},"end":{"line":56,"column":2}},"locations":[{"start":{"line":17,"column":28},"end":{"line":56,"column":2}}]},"9":{"type":"branch","line":19,"loc":{"start":{"line":19,"column":31},"end":{"line":19,"column":56}},"locations":[{"start":{"line":19,"column":31},"end":{"line":19,"column":56}}]},"10":{"type":"branch","line":19,"loc":{"start":{"line":19,"column":58},"end":{"line":32,"column":9}},"locations":[{"start":{"line":19,"column":58},"end":{"line":32,"column":9}}]},"11":{"type":"branch","line":32,"loc":{"start":{"line":32,"column":8},"end":{"line":33,"column":63}},"locations":[{"start":{"line":32,"column":8},"end":{"line":33,"column":63}}]},"12":{"type":"branch","line":33,"loc":{"start":{"line":33,"column":65},"end":{"line":40,"column":9}},"locations":[{"start":{"line":33,"column":65},"end":{"line":40,"column":9}}]},"13":{"type":"branch","line":42,"loc":{"start":{"line":42,"column":4},"end":{"line":55,"column":9}},"locations":[{"start":{"line":42,"column":4},"end":{"line":55,"column":9}}]},"14":{"type":"branch","line":48,"loc":{"start":{"line":48,"column":12},"end":{"line":55,"column":9}},"locations":[{"start":{"line":48,"column":12},"end":{"line":55,"column":9}}]},"15":{"type":"branch","line":35,"loc":{"start":{"line":35,"column":39},"end":{"line":35,"column":62}},"locations":[{"start":{"line":35,"column":39},"end":{"line":35,"column":62}}]}},"b":{"0":[2],"1":[1],"2":[1],"3":[0],"4":[0],"5":[1],"6":[0],"7":[1],"8":[3],"9":[2],"10":[2],"11":[1],"12":[1],"13":[1],"14":[0],"15":[1]},"fnMap":{"0":{"name":"getUserCategory","decl":{"start":{"line":7,"column":25},"end":{"line":15,"column":1}},"loc":{"start":{"line":7,"column":25},"end":{"line":15,"column":1}},"line":7}},"f":{"0":2}}
}
