{"/workspaces/Metodo-TAJS/metodo-TAJS/modulo03-conceitos-tajs/aula01-mocks/src/person.js": {"path":"/workspaces/Metodo-TAJS/metodo-TAJS/modulo03-conceitos-tajs/aula01-mocks/src/person.js","all":false,"statementMap":{"0":{"start":{"line":1,"column":0},"end":{"line":1,"column":13}},"1":{"start":{"line":2,"column":0},"end":{"line":2,"column":28}},"2":{"start":{"line":3,"column":0},"end":{"line":3,"column":25}},"3":{"start":{"line":4,"column":0},"end":{"line":4,"column":47}},"4":{"start":{"line":5,"column":0},"end":{"line":5,"column":9}},"5":{"start":{"line":6,"column":0},"end":{"line":6,"column":24}},"6":{"start":{"line":7,"column":0},"end":{"line":7,"column":46}},"7":{"start":{"line":8,"column":0},"end":{"line":8,"column":9}},"8":{"start":{"line":9,"column":0},"end":{"line":9,"column":7}},"9":{"start":{"line":10,"column":0},"end":{"line":10,"column":5}},"10":{"start":{"line":11,"column":0},"end":{"line":11,"column":26}},"11":{"start":{"line":12,"column":0},"end":{"line":12,"column":57}},"12":{"start":{"line":13,"column":0},"end":{"line":13,"column":16}},"13":{"start":{"line":14,"column":0},"end":{"line":14,"column":46}},"14":{"start":{"line":15,"column":0},"end":{"line":15,"column":17}},"15":{"start":{"line":16,"column":0},"end":{"line":16,"column":40}},"16":{"start":{"line":17,"column":0},"end":{"line":17,"column":9}},"17":{"start":{"line":18,"column":0},"end":{"line":18,"column":5}},"18":{"start":{"line":19,"column":0},"end":{"line":19,"column":24}},"19":{"start":{"line":20,"column":0},"end":{"line":20,"column":49}},"20":{"start":{"line":21,"column":0},"end":{"line":21,"column":30}},"21":{"start":{"line":22,"column":0},"end":{"line":22,"column":81}},"22":{"start":{"line":23,"column":0},"end":{"line":23,"column":13}},"23":{"start":{"line":24,"column":0},"end":{"line":24,"column":11}},"24":{"start":{"line":25,"column":0},"end":{"line":25,"column":29}},"25":{"start":{"line":26,"column":0},"end":{"line":26,"column":5}},"26":{"start":{"line":27,"column":0},"end":{"line":27,"column":27}},"27":{"start":{"line":28,"column":0},"end":{"line":28,"column":30}},"28":{"start":{"line":29,"column":0},"end":{"line":29,"column":52}},"29":{"start":{"line":30,"column":0},"end":{"line":30,"column":35}},"30":{"start":{"line":31,"column":0},"end":{"line":31,"column":8}},"31":{"start":{"line":32,"column":0},"end":{"line":32,"column":20}},"32":{"start":{"line":33,"column":0},"end":{"line":33,"column":5}},"33":{"start":{"line":34,"column":0},"end":{"line":34,"column":1}},"34":{"start":{"line":35,"column":0},"end":{"line":35,"column":0}},"35":{"start":{"line":36,"column":0},"end":{"line":36,"column":30}},"36":{"start":{"line":37,"column":0},"end":{"line":37,"column":39}},"37":{"start":{"line":38,"column":0},"end":{"line":38,"column":0}},"38":{"start":{"line":39,"column":0},"end":{"line":39,"column":23}}},"s":{"0":1,"1":1,"2":6,"3":1,"4":1,"5":6,"6":1,"7":1,"8":6,"9":6,"10":1,"11":4,"12":4,"13":4,"14":4,"15":4,"16":4,"17":4,"18":1,"19":4,"20":4,"21":0,"22":0,"23":4,"24":4,"25":4,"26":1,"27":4,"28":4,"29":4,"30":4,"31":4,"32":4,"33":1,"34":1,"35":1,"36":1,"37":1,"38":1},"branchMap":{"0":{"type":"branch","line":2,"loc":{"start":{"line":2,"column":11},"end":{"line":10,"column":5}},"locations":[{"start":{"line":2,"column":11},"end":{"line":10,"column":5}}]},"1":{"type":"branch","line":3,"loc":{"start":{"line":3,"column":24},"end":{"line":5,"column":9}},"locations":[{"start":{"line":3,"column":24},"end":{"line":5,"column":9}}]},"2":{"type":"branch","line":5,"loc":{"start":{"line":5,"column":8},"end":{"line":6,"column":23}},"locations":[{"start":{"line":5,"column":8},"end":{"line":6,"column":23}}]},"3":{"type":"branch","line":6,"loc":{"start":{"line":6,"column":23},"end":{"line":8,"column":9}},"locations":[{"start":{"line":6,"column":23},"end":{"line":8,"column":9}}]},"4":{"type":"branch","line":11,"loc":{"start":{"line":11,"column":11},"end":{"line":18,"column":5}},"locations":[{"start":{"line":11,"column":11},"end":{"line":18,"column":5}}]},"5":{"type":"branch","line":19,"loc":{"start":{"line":19,"column":11},"end":{"line":26,"column":5}},"locations":[{"start":{"line":19,"column":11},"end":{"line":26,"column":5}}]},"6":{"type":"branch","line":20,"loc":{"start":{"line":20,"column":40},"end":{"line":24,"column":9}},"locations":[{"start":{"line":20,"column":40},"end":{"line":24,"column":9}}]},"7":{"type":"branch","line":21,"loc":{"start":{"line":21,"column":29},"end":{"line":23,"column":13}},"locations":[{"start":{"line":21,"column":29},"end":{"line":23,"column":13}}]},"8":{"type":"branch","line":27,"loc":{"start":{"line":27,"column":11},"end":{"line":33,"column":5}},"locations":[{"start":{"line":27,"column":11},"end":{"line":33,"column":5}}]}},"b":{"0":[6],"1":[1],"2":[5],"3":[1],"4":[4],"5":[4],"6":[4],"7":[0],"8":[4]},"fnMap":{"0":{"name":"validate","decl":{"start":{"line":2,"column":11},"end":{"line":10,"column":5}},"loc":{"start":{"line":2,"column":11},"end":{"line":10,"column":5}},"line":2},"1":{"name":"format","decl":{"start":{"line":11,"column":11},"end":{"line":18,"column":5}},"loc":{"start":{"line":11,"column":11},"end":{"line":18,"column":5}},"line":11},"2":{"name":"save","decl":{"start":{"line":19,"column":11},"end":{"line":26,"column":5}},"loc":{"start":{"line":19,"column":11},"end":{"line":26,"column":5}},"line":19},"3":{"name":"process","decl":{"start":{"line":27,"column":11},"end":{"line":33,"column":5}},"loc":{"start":{"line":27,"column":11},"end":{"line":33,"column":5}},"line":27}},"f":{"0":6,"1":4,"2":4,"3":4}}
}
