TN:
SF:src/person.js
FN:2,validate
FN:11,format
FN:19,save
FN:27,process
FNF:4
FNH:4
FNDA:6,validate
FNDA:4,format
FNDA:4,save
FNDA:4,process
DA:1,1
DA:2,1
DA:3,6
DA:4,1
DA:5,1
DA:6,6
DA:7,1
DA:8,1
DA:9,6
DA:10,6
DA:11,1
DA:12,4
DA:13,4
DA:14,4
DA:15,4
DA:16,4
DA:17,4
DA:18,4
DA:19,1
DA:20,4
DA:21,4
DA:22,0
DA:23,0
DA:24,4
DA:25,4
DA:26,4
DA:27,1
DA:28,4
DA:29,4
DA:30,4
DA:31,4
DA:32,4
DA:33,4
DA:34,1
DA:35,1
DA:36,1
DA:37,1
DA:38,1
DA:39,1
LF:39
LH:37
BRDA:2,0,0,6
BRDA:3,1,0,1
BRDA:5,2,0,5
BRDA:6,3,0,1
BRDA:11,4,0,4
BRDA:19,5,0,4
BRDA:20,6,0,4
BRDA:21,7,0,0
BRDA:27,8,0,4
BRF:9
BRH:8
end_of_record
