{"/workspaces/Metodo-TAJS/metodo-TAJS/modulo03-conceitos-tajs/aula06-2e2-tests/src/index.js": {"path":"/workspaces/Metodo-TAJS/metodo-TAJS/modulo03-conceitos-tajs/aula06-2e2-tests/src/index.js","all":false,"statementMap":{"0":{"start":{"line":1,"column":0},"end":{"line":1,"column":33}},"1":{"start":{"line":2,"column":0},"end":{"line":2,"column":0}},"2":{"start":{"line":3,"column":0},"end":{"line":3,"column":36}},"3":{"start":{"line":4,"column":0},"end":{"line":4,"column":43}},"4":{"start":{"line":5,"column":0},"end":{"line":5,"column":44}},"5":{"start":{"line":6,"column":0},"end":{"line":6,"column":84}},"6":{"start":{"line":7,"column":0},"end":{"line":7,"column":7}},"7":{"start":{"line":8,"column":0},"end":{"line":8,"column":1}},"8":{"start":{"line":9,"column":0},"end":{"line":9,"column":0}},"9":{"start":{"line":10,"column":0},"end":{"line":10,"column":22}},"10":{"start":{"line":11,"column":0},"end":{"line":11,"column":0}},"11":{"start":{"line":12,"column":0},"end":{"line":12,"column":2}},"12":{"start":{"line":13,"column":0},"end":{"line":13,"column":21}},"13":{"start":{"line":14,"column":0},"end":{"line":14,"column":41}},"14":{"start":{"line":15,"column":0},"end":{"line":15,"column":9}},"15":{"start":{"line":16,"column":0},"end":{"line":16,"column":28}},"16":{"start":{"line":17,"column":0},"end":{"line":17,"column":35}},"17":{"start":{"line":18,"column":0},"end":{"line":18,"column":33}},"18":{"start":{"line":19,"column":0},"end":{"line":19,"column":2}}},"s":{"0":1,"1":1,"2":1,"3":1,"4":1,"5":1,"6":1,"7":1,"8":1,"9":1,"10":1,"11":1,"12":1,"13":1,"14":1,"15":1,"16":1,"17":1,"18":1},"branchMap":{"0":{"type":"branch","line":4,"loc":{"start":{"line":4,"column":36},"end":{"line":7,"column":5}},"locations":[{"start":{"line":4,"column":36},"end":{"line":7,"column":5}}]}},"b":{"0":[1]},"fnMap":{},"f":{}}
,"/workspaces/Metodo-TAJS/metodo-TAJS/modulo03-conceitos-tajs/aula06-2e2-tests/src/person.js": {"path":"/workspaces/Metodo-TAJS/metodo-TAJS/modulo03-conceitos-tajs/aula06-2e2-tests/src/person.js","all":false,"statementMap":{"0":{"start":{"line":1,"column":0},"end":{"line":1,"column":13}},"1":{"start":{"line":2,"column":0},"end":{"line":2,"column":28}},"2":{"start":{"line":3,"column":0},"end":{"line":3,"column":25}},"3":{"start":{"line":4,"column":0},"end":{"line":4,"column":47}},"4":{"start":{"line":5,"column":0},"end":{"line":5,"column":9}},"5":{"start":{"line":6,"column":0},"end":{"line":6,"column":24}},"6":{"start":{"line":7,"column":0},"end":{"line":7,"column":46}},"7":{"start":{"line":8,"column":0},"end":{"line":8,"column":9}},"8":{"start":{"line":9,"column":0},"end":{"line":9,"column":7}},"9":{"start":{"line":10,"column":0},"end":{"line":10,"column":5}},"10":{"start":{"line":11,"column":0},"end":{"line":11,"column":26}},"11":{"start":{"line":12,"column":0},"end":{"line":12,"column":57}},"12":{"start":{"line":13,"column":0},"end":{"line":13,"column":16}},"13":{"start":{"line":14,"column":0},"end":{"line":14,"column":46}},"14":{"start":{"line":15,"column":0},"end":{"line":15,"column":17}},"15":{"start":{"line":16,"column":0},"end":{"line":16,"column":40}},"16":{"start":{"line":17,"column":0},"end":{"line":17,"column":9}},"17":{"start":{"line":18,"column":0},"end":{"line":18,"column":5}},"18":{"start":{"line":19,"column":0},"end":{"line":19,"column":24}},"19":{"start":{"line":20,"column":0},"end":{"line":20,"column":49}},"20":{"start":{"line":21,"column":0},"end":{"line":21,"column":30}},"21":{"start":{"line":22,"column":0},"end":{"line":22,"column":81}},"22":{"start":{"line":23,"column":0},"end":{"line":23,"column":13}},"23":{"start":{"line":24,"column":0},"end":{"line":24,"column":11}},"24":{"start":{"line":25,"column":0},"end":{"line":25,"column":29}},"25":{"start":{"line":26,"column":0},"end":{"line":26,"column":5}},"26":{"start":{"line":27,"column":0},"end":{"line":27,"column":27}},"27":{"start":{"line":28,"column":0},"end":{"line":28,"column":30}},"28":{"start":{"line":29,"column":0},"end":{"line":29,"column":52}},"29":{"start":{"line":30,"column":0},"end":{"line":30,"column":35}},"30":{"start":{"line":31,"column":0},"end":{"line":31,"column":8}},"31":{"start":{"line":32,"column":0},"end":{"line":32,"column":20}},"32":{"start":{"line":33,"column":0},"end":{"line":33,"column":5}},"33":{"start":{"line":34,"column":0},"end":{"line":34,"column":1}},"34":{"start":{"line":35,"column":0},"end":{"line":35,"column":0}},"35":{"start":{"line":36,"column":0},"end":{"line":36,"column":30}},"36":{"start":{"line":37,"column":0},"end":{"line":37,"column":39}},"37":{"start":{"line":38,"column":0},"end":{"line":38,"column":0}},"38":{"start":{"line":39,"column":0},"end":{"line":39,"column":23}}},"s":{"0":1,"1":1,"2":2,"3":0,"4":0,"5":2,"6":1,"7":1,"8":2,"9":2,"10":1,"11":1,"12":1,"13":1,"14":1,"15":1,"16":1,"17":1,"18":1,"19":1,"20":1,"21":0,"22":0,"23":1,"24":1,"25":1,"26":1,"27":2,"28":2,"29":2,"30":2,"31":2,"32":2,"33":1,"34":1,"35":1,"36":1,"37":1,"38":1},"branchMap":{"0":{"type":"branch","line":2,"loc":{"start":{"line":2,"column":11},"end":{"line":10,"column":5}},"locations":[{"start":{"line":2,"column":11},"end":{"line":10,"column":5}}]},"1":{"type":"branch","line":3,"loc":{"start":{"line":3,"column":24},"end":{"line":5,"column":9}},"locations":[{"start":{"line":3,"column":24},"end":{"line":5,"column":9}}]},"2":{"type":"branch","line":6,"loc":{"start":{"line":6,"column":23},"end":{"line":8,"column":9}},"locations":[{"start":{"line":6,"column":23},"end":{"line":8,"column":9}}]},"3":{"type":"branch","line":11,"loc":{"start":{"line":11,"column":11},"end":{"line":18,"column":5}},"locations":[{"start":{"line":11,"column":11},"end":{"line":18,"column":5}}]},"4":{"type":"branch","line":19,"loc":{"start":{"line":19,"column":11},"end":{"line":26,"column":5}},"locations":[{"start":{"line":19,"column":11},"end":{"line":26,"column":5}}]},"5":{"type":"branch","line":20,"loc":{"start":{"line":20,"column":40},"end":{"line":24,"column":9}},"locations":[{"start":{"line":20,"column":40},"end":{"line":24,"column":9}}]},"6":{"type":"branch","line":21,"loc":{"start":{"line":21,"column":29},"end":{"line":23,"column":13}},"locations":[{"start":{"line":21,"column":29},"end":{"line":23,"column":13}}]},"7":{"type":"branch","line":27,"loc":{"start":{"line":27,"column":11},"end":{"line":33,"column":5}},"locations":[{"start":{"line":27,"column":11},"end":{"line":33,"column":5}}]}},"b":{"0":[2],"1":[0],"2":[1],"3":[1],"4":[1],"5":[1],"6":[0],"7":[2]},"fnMap":{"0":{"name":"validate","decl":{"start":{"line":2,"column":11},"end":{"line":10,"column":5}},"loc":{"start":{"line":2,"column":11},"end":{"line":10,"column":5}},"line":2},"1":{"name":"format","decl":{"start":{"line":11,"column":11},"end":{"line":18,"column":5}},"loc":{"start":{"line":11,"column":11},"end":{"line":18,"column":5}},"line":11},"2":{"name":"save","decl":{"start":{"line":19,"column":11},"end":{"line":26,"column":5}},"loc":{"start":{"line":19,"column":11},"end":{"line":26,"column":5}},"line":19},"3":{"name":"process","decl":{"start":{"line":27,"column":11},"end":{"line":33,"column":5}},"loc":{"start":{"line":27,"column":11},"end":{"line":33,"column":5}},"line":27}},"f":{"0":2,"1":1,"2":1,"3":2}}
,"/workspaces/Metodo-TAJS/metodo-TAJS/modulo03-conceitos-tajs/aula06-2e2-tests/src/server.js": {"path":"/workspaces/Metodo-TAJS/metodo-TAJS/modulo03-conceitos-tajs/aula06-2e2-tests/src/server.js","all":false,"statementMap":{"0":{"start":{"line":1,"column":0},"end":{"line":1,"column":39}},"1":{"start":{"line":2,"column":0},"end":{"line":2,"column":33}},"2":{"start":{"line":3,"column":0},"end":{"line":3,"column":33}},"3":{"start":{"line":4,"column":0},"end":{"line":4,"column":37}},"4":{"start":{"line":5,"column":0},"end":{"line":5,"column":0}},"5":{"start":{"line":6,"column":0},"end":{"line":6,"column":58}},"6":{"start":{"line":7,"column":0},"end":{"line":7,"column":63}},"7":{"start":{"line":8,"column":0},"end":{"line":8,"column":32}},"8":{"start":{"line":9,"column":0},"end":{"line":9,"column":23}},"9":{"start":{"line":10,"column":0},"end":{"line":10,"column":15}},"10":{"start":{"line":11,"column":0},"end":{"line":11,"column":5}},"11":{"start":{"line":12,"column":0},"end":{"line":12,"column":8}},"12":{"start":{"line":13,"column":0},"end":{"line":13,"column":62}},"13":{"start":{"line":14,"column":0},"end":{"line":14,"column":56}},"14":{"start":{"line":15,"column":0},"end":{"line":15,"column":54}},"15":{"start":{"line":16,"column":0},"end":{"line":16,"column":5}},"16":{"start":{"line":17,"column":0},"end":{"line":17,"column":15}},"17":{"start":{"line":18,"column":0},"end":{"line":18,"column":45}},"18":{"start":{"line":19,"column":0},"end":{"line":19,"column":36}},"19":{"start":{"line":20,"column":0},"end":{"line":20,"column":27}},"20":{"start":{"line":21,"column":0},"end":{"line":21,"column":62}},"21":{"start":{"line":22,"column":0},"end":{"line":22,"column":13}},"22":{"start":{"line":23,"column":0},"end":{"line":23,"column":27}},"23":{"start":{"line":24,"column":0},"end":{"line":24,"column":19}},"24":{"start":{"line":25,"column":0},"end":{"line":25,"column":9}},"25":{"start":{"line":26,"column":0},"end":{"line":26,"column":31}},"26":{"start":{"line":27,"column":0},"end":{"line":27,"column":32}},"27":{"start":{"line":28,"column":0},"end":{"line":28,"column":23}},"28":{"start":{"line":29,"column":0},"end":{"line":29,"column":15}},"29":{"start":{"line":30,"column":0},"end":{"line":30,"column":5}},"30":{"start":{"line":31,"column":0},"end":{"line":31,"column":2}},"31":{"start":{"line":32,"column":0},"end":{"line":32,"column":0}},"32":{"start":{"line":33,"column":0},"end":{"line":33,"column":22}}},"s":{"0":1,"1":1,"2":1,"3":1,"4":1,"5":1,"6":2,"7":1,"8":1,"9":1,"10":1,"11":1,"12":1,"13":1,"14":1,"15":1,"16":1,"17":1,"18":1,"19":1,"20":1,"21":1,"22":1,"23":1,"24":1,"25":0,"26":0,"27":0,"28":0,"29":0,"30":2,"31":1,"32":1},"branchMap":{"0":{"type":"branch","line":6,"loc":{"start":{"line":6,"column":28},"end":{"line":31,"column":2}},"locations":[{"start":{"line":6,"column":28},"end":{"line":31,"column":2}}]},"1":{"type":"branch","line":7,"loc":{"start":{"line":7,"column":62},"end":{"line":30,"column":5}},"locations":[{"start":{"line":7,"column":62},"end":{"line":30,"column":5}}]},"2":{"type":"branch","line":25,"loc":{"start":{"line":25,"column":8},"end":{"line":30,"column":5}},"locations":[{"start":{"line":25,"column":8},"end":{"line":30,"column":5}}]}},"b":{"0":[2],"1":[1],"2":[0]},"fnMap":{},"f":{}}
}
