TN:
SF:src/service.js
FN:4,<instance_members_initializer>
FN:6,Service
FN:9,#hashPassword
FN:14,create
FN:22,read
FNF:5
FNH:3
FNDA:2,<instance_members_initializer>
FNDA:2,Service
FNDA:0,#hashPassword
FNDA:0,create
FNDA:1,read
DA:1,1
DA:2,1
DA:3,1
DA:4,1
DA:5,2
DA:6,2
DA:7,2
DA:8,2
DA:9,2
DA:10,0
DA:11,0
DA:12,0
DA:13,0
DA:14,2
DA:15,0
DA:16,0
DA:17,0
DA:18,0
DA:19,0
DA:20,0
DA:21,0
DA:22,2
DA:23,1
DA:24,1
DA:25,1
DA:26,1
DA:27,1
DA:28,0
DA:29,0
DA:30,0
DA:31,0
DA:32,0
DA:33,2
LF:33
LH:17
BRDA:4,0,0,2
BRDA:6,1,0,2
BRDA:22,2,0,1
BRDA:28,3,0,0
BRDA:25,4,0,1
BRF:5
BRH:4
end_of_record
