{"/workspaces/Metodo-TAJS/metodo-TAJS/modulo03-conceitos-tajs/aula04-fake-timers/src/task.js": {"path":"/workspaces/Metodo-TAJS/metodo-TAJS/modulo03-conceitos-tajs/aula04-fake-timers/src/task.js","all":false,"statementMap":{"0":{"start":{"line":1,"column":0},"end":{"line":1,"column":26}},"1":{"start":{"line":2,"column":0},"end":{"line":2,"column":22}},"2":{"start":{"line":3,"column":0},"end":{"line":3,"column":27}},"3":{"start":{"line":4,"column":0},"end":{"line":4,"column":19}},"4":{"start":{"line":5,"column":0},"end":{"line":5,"column":70}},"5":{"start":{"line":6,"column":0},"end":{"line":6,"column":10}},"6":{"start":{"line":7,"column":0},"end":{"line":7,"column":38}},"7":{"start":{"line":8,"column":0},"end":{"line":8,"column":5}},"8":{"start":{"line":9,"column":0},"end":{"line":9,"column":4}},"9":{"start":{"line":10,"column":0},"end":{"line":10,"column":18}},"10":{"start":{"line":11,"column":0},"end":{"line":11,"column":44}},"11":{"start":{"line":12,"column":0},"end":{"line":12,"column":34}},"12":{"start":{"line":13,"column":0},"end":{"line":13,"column":0}},"13":{"start":{"line":14,"column":0},"end":{"line":14,"column":38}},"14":{"start":{"line":15,"column":0},"end":{"line":15,"column":44}},"15":{"start":{"line":16,"column":0},"end":{"line":16,"column":41}},"16":{"start":{"line":17,"column":0},"end":{"line":17,"column":23}},"17":{"start":{"line":18,"column":0},"end":{"line":18,"column":13}},"18":{"start":{"line":19,"column":0},"end":{"line":19,"column":13}},"19":{"start":{"line":20,"column":0},"end":{"line":20,"column":43}},"20":{"start":{"line":21,"column":0},"end":{"line":21,"column":48}},"21":{"start":{"line":22,"column":0},"end":{"line":22,"column":29}},"22":{"start":{"line":23,"column":0},"end":{"line":23,"column":44}},"23":{"start":{"line":24,"column":0},"end":{"line":24,"column":17}},"24":{"start":{"line":25,"column":0},"end":{"line":25,"column":13}},"25":{"start":{"line":26,"column":0},"end":{"line":26,"column":34}},"26":{"start":{"line":27,"column":0},"end":{"line":27,"column":41}},"27":{"start":{"line":28,"column":0},"end":{"line":28,"column":13}},"28":{"start":{"line":29,"column":0},"end":{"line":29,"column":18}},"29":{"start":{"line":30,"column":0},"end":{"line":30,"column":5}},"30":{"start":{"line":31,"column":0},"end":{"line":31,"column":0}},"31":{"start":{"line":32,"column":0},"end":{"line":32,"column":1}}},"s":{"0":1,"1":1,"2":1,"3":2,"4":2,"5":2,"6":2,"7":2,"8":1,"9":1,"10":1,"11":50,"12":50,"13":50,"14":0,"15":0,"16":0,"17":0,"18":50,"19":50,"20":75,"21":2,"22":2,"23":2,"24":75,"25":50,"26":1,"27":1,"28":1,"29":1,"30":1,"31":1},"branchMap":{"0":{"type":"branch","line":1,"loc":{"start":{"line":1,"column":15},"end":{"line":32,"column":1}},"locations":[{"start":{"line":1,"column":15},"end":{"line":32,"column":1}}]},"1":{"type":"branch","line":3,"loc":{"start":{"line":3,"column":4},"end":{"line":8,"column":5}},"locations":[{"start":{"line":3,"column":4},"end":{"line":8,"column":5}}]},"2":{"type":"branch","line":10,"loc":{"start":{"line":10,"column":4},"end":{"line":30,"column":5}},"locations":[{"start":{"line":10,"column":4},"end":{"line":30,"column":5}}]},"3":{"type":"branch","line":11,"loc":{"start":{"line":11,"column":39},"end":{"line":29,"column":9}},"locations":[{"start":{"line":11,"column":39},"end":{"line":29,"column":9}}]},"4":{"type":"branch","line":14,"loc":{"start":{"line":14,"column":37},"end":{"line":18,"column":13}},"locations":[{"start":{"line":14,"column":37},"end":{"line":18,"column":13}}]},"5":{"type":"branch","line":20,"loc":{"start":{"line":20,"column":42},"end":{"line":25,"column":13}},"locations":[{"start":{"line":20,"column":42},"end":{"line":25,"column":13}}]},"6":{"type":"branch","line":21,"loc":{"start":{"line":21,"column":47},"end":{"line":24,"column":17}},"locations":[{"start":{"line":21,"column":47},"end":{"line":24,"column":17}}]},"7":{"type":"branch","line":26,"loc":{"start":{"line":26,"column":33},"end":{"line":28,"column":13}},"locations":[{"start":{"line":26,"column":33},"end":{"line":28,"column":13}}]}},"b":{"0":[1],"1":[2],"2":[1],"3":[50],"4":[0],"5":[75],"6":[2],"7":[1]},"fnMap":{"0":{"name":"<instance_members_initializer>","decl":{"start":{"line":1,"column":15},"end":{"line":32,"column":1}},"loc":{"start":{"line":1,"column":15},"end":{"line":32,"column":1}},"line":1},"1":{"name":"save","decl":{"start":{"line":3,"column":4},"end":{"line":8,"column":5}},"loc":{"start":{"line":3,"column":4},"end":{"line":8,"column":5}},"line":3},"2":{"name":"run","decl":{"start":{"line":10,"column":4},"end":{"line":30,"column":5}},"loc":{"start":{"line":10,"column":4},"end":{"line":30,"column":5}},"line":10}},"f":{"0":1,"1":2,"2":1}}
}
