TN:
SF:src/task.js
FN:1,<instance_members_initializer>
FN:3,save
FN:10,run
FNF:3
FNH:3
FNDA:1,<instance_members_initializer>
FNDA:2,save
FNDA:1,run
DA:1,1
DA:2,1
DA:3,1
DA:4,2
DA:5,2
DA:6,2
DA:7,2
DA:8,2
DA:9,1
DA:10,1
DA:11,1
DA:12,50
DA:13,50
DA:14,50
DA:15,0
DA:16,0
DA:17,0
DA:18,0
DA:19,50
DA:20,50
DA:21,75
DA:22,2
DA:23,2
DA:24,2
DA:25,75
DA:26,50
DA:27,1
DA:28,1
DA:29,1
DA:30,1
DA:31,1
DA:32,1
LF:32
LH:28
BRDA:1,0,0,1
BRDA:3,1,0,2
BRDA:10,2,0,1
BRDA:11,3,0,50
BRDA:14,4,0,0
BRDA:20,5,0,75
BRDA:21,6,0,2
BRDA:26,7,0,1
BRF:8
BRH:7
end_of_record
