TN:
SF:src/service.js
FN:4,<instance_members_initializer>
FN:6,Service
FN:9,#hashPassword
FN:14,create
FN:22,read
FNF:5
FNH:4
FNDA:1,<instance_members_initializer>
FNDA:1,Service
FNDA:1,#hashPassword
FNDA:1,create
FNDA:0,read
DA:1,1
DA:2,1
DA:3,1
DA:4,1
DA:5,1
DA:6,1
DA:7,1
DA:8,1
DA:9,1
DA:10,1
DA:11,1
DA:12,1
DA:13,1
DA:14,1
DA:15,1
DA:16,1
DA:17,1
DA:18,1
DA:19,1
DA:20,1
DA:21,1
DA:22,1
DA:23,0
DA:24,0
DA:25,0
DA:26,0
DA:27,0
DA:28,0
DA:29,0
DA:30,0
DA:31,0
DA:32,0
DA:33,1
LF:33
LH:23
BRDA:4,0,0,1
BRDA:6,1,0,1
BRDA:9,2,0,1
BRDA:14,3,0,1
BRF:4
BRH:4
end_of_record
